2026-03-05 15:49:57 [INFO] ========== FINDME JSON MONITOR START ==========
2026-03-05 15:49:57 [INFO] INIT_ONLY=False, DRY_RUN=False
2026-03-05 15:49:57 [INFO] state file: C:\findme\findme_state.json
2026-03-05 15:49:57 [INFO] log file:   C:\findme\findme_monitor.log
2026-03-05 15:49:57 [INFO] source: https://findmestore.thinkr.jp/products.json?limit=50
2026-03-05 15:49:57 [INFO] state 없음 -> 새로 시작 (파일: findme_state.json)
2026-03-05 15:49:57 [DEBUG] GET https://findmestore.thinkr.jp/products.json?limit=50
2026-03-05 15:49:58 [DEBUG] GET https://findmestore.thinkr.jp/products.json?limit=50 -> 200, 135088 bytes
2026-03-05 15:49:58 [INFO] products.json 수신: 50개
2026-03-05 15:49:58 [INFO] [1/50] 처리: vwp-300-0416 / 【V.W.P】リバーシブルトートバッグ／4th ONE-MAN LIVE「現象Ⅳ / available=False
2026-03-05 15:49:58 [INFO] [2/50] 처리: vwp-300-0415 / 【V.W.P】ラバーバンドセット／4th ONE-MAN LIVE「現象Ⅳ -反 / available=False
2026-03-05 15:49:58 [INFO] [3/50] 처리: vwp-300-0418 / 【V.W.P】アクリルスタンド／4th ONE-MAN LIVE「現象Ⅳ -反転 / available=False
2026-03-05 15:49:59 [INFO] [4/50] 처리: vwp-300-0417 / 【V.W.P】ニットキャップ／4th ONE-MAN LIVE「現象Ⅳ -反転運 / available=False
2026-03-05 15:49:59 [INFO] [5/50] 처리: vwp-300-0428 / 【V.W.P】ランダムホログラム缶バッジ（全5種）／4th ONE-MAN LI / available=False
2026-03-05 15:49:59 [INFO] [6/50] 처리: vwp-300-0423 / 【V.W.P】ミラーアクリルキーホルダー／4th ONE-MAN LIVE「現象 / available=False
2026-03-05 15:49:59 [INFO] [7/50] 처리: vwp-300-0383 / 【V.W.P】V.W.P BLACK DENIM PANTS 理芽 model／ / available=False
2026-03-05 15:50:00 [INFO] [8/50] 처리: vwp-300-0380 / 【V.W.P】 V.W.P BLACK DENIM PANTS 花譜 model / available=False
2026-03-05 15:50:00 [INFO] [9/50] 처리: vwp-300-0389 / 【V.W.P】V.W.P BLACK DENIM PANTS ヰ世界情緒 mod / available=False
2026-03-05 15:50:00 [INFO] [10/50] 처리: vwp-300-0386 / 【V.W.P】V.W.P BLACK DENIM PANTS 春猿火 model / available=False
2026-03-05 15:50:01 [INFO] [11/50] 처리: vwp-300-0439 / 【V.W.P】ライブパンフレット／4th ONE-MAN LIVE「現象Ⅳ -反 / available=True
2026-03-05 15:50:01 [DEBUG] GET https://findmestore.thinkr.jp/products/vwp-300-0439
2026-03-05 15:50:01 [DEBUG] GET https://findmestore.thinkr.jp/products/vwp-300-0439 -> 200, 502991 bytes
2026-03-05 15:50:01 [INFO] state에 없음 -> NEW PRODUCT (available=true)
2026-03-05 15:50:01 [INFO] DISCORD EMBED SEND: 🆕 NEW (판매중) · 【V.W.P】ライブパンフレット／4th ONE-MAN LIVE「現象Ⅳ -反転運命-」OFFICIAL GOODS 第二弾 (https://findmestore.thinkr.jp/products/vwp-300-0439)
2026-03-05 15:50:02 [INFO] DISCORD OK (204)
2026-03-05 15:50:02 [INFO] [12/50] 처리: vwp-300-0392 / 【V.W.P】V.W.P BLACK DENIM PANTS 幸祜 model／ / available=False
2026-03-05 15:50:02 [INFO] [13/50] 처리: vwp-300-0445 / 【V.W.P】アクリルスタンド New Year Illustration ve / available=True
2026-03-05 15:50:02 [DEBUG] GET https://findmestore.thinkr.jp/products/vwp-300-0445
2026-03-05 15:50:02 [DEBUG] GET https://findmestore.thinkr.jp/products/vwp-300-0445 -> 200, 535219 bytes
2026-03-05 15:50:03 [INFO] state에 없음 -> NEW PRODUCT (available=true)
2026-03-05 15:50:03 [INFO] DISCORD EMBED SEND: 🆕 NEW (판매중) · 【V.W.P】アクリルスタンド New Year Illustration ver.／4th ONE-MAN LIVE「現象Ⅳ -反転運命-」OFFICIAL GOODS 第二弾 (https://findmestore.thinkr.jp/products/vwp-300-0445)
2026-03-05 15:50:03 [INFO] DISCORD OK (204)
2026-03-05 15:50:03 [INFO] [14/50] 처리: vwp-300-0440 / 【V.W.P】ビジュアルバスタオル／4th ONE-MAN LIVE「現象Ⅳ - / available=False
2026-03-05 15:50:03 [INFO] [15/50] 처리: vwp-300-0455 / 【V.W.P】アクリルキーホルダー New Year Illustration  / available=True
2026-03-05 15:50:03 [DEBUG] GET https://findmestore.thinkr.jp/products/vwp-300-0455
2026-03-05 15:50:04 [DEBUG] GET https://findmestore.thinkr.jp/products/vwp-300-0455 -> 200, 533811 bytes
2026-03-05 15:50:04 [INFO] state에 없음 -> NEW PRODUCT (available=true)
2026-03-05 15:50:04 [INFO] DISCORD EMBED SEND: 🆕 NEW (판매중) · 【V.W.P】アクリルキーホルダー New Year Illustration ver.／4th ONE-MAN LIVE「現象Ⅳ -反転運命-」OFFICIAL GOODS 第二弾 (https://findmestore.thinkr.jp/products/vwp-300-0455)
2026-03-05 15:50:04 [INFO] DISCORD OK (204)
2026-03-05 15:50:05 [INFO] [16/50] 처리: vwp-300-0450 / 【V.W.P】ミニタペストリー New Year Illustration ve / available=True
2026-03-05 15:50:05 [DEBUG] GET https://findmestore.thinkr.jp/products/vwp-300-0450
2026-03-05 15:50:05 [DEBUG] GET https://findmestore.thinkr.jp/products/vwp-300-0450 -> 200, 534876 bytes
2026-03-05 15:50:05 [INFO] state에 없음 -> NEW PRODUCT (available=true)
2026-03-05 15:50:05 [INFO] DISCORD EMBED SEND: 🆕 NEW (판매중) · 【V.W.P】ミニタペストリー New Year Illustration ver.／4th ONE-MAN LIVE「現象Ⅳ -反転運命-」OFFICIAL GOODS 第二弾 (https://findmestore.thinkr.jp/products/vwp-300-0450)
2026-03-05 15:50:06 [INFO] DISCORD OK (204)
2026-03-05 15:50:06 [INFO] [17/50] 처리: vwp-300-0461 / 【V.W.P】「現象Ⅳ」ロゴキーホルダー／4th ONE-MAN LIVE「現象 / available=False
2026-03-05 15:50:06 [INFO] [18/50] 처리: vwp-300-0460 / 【V.W.P】ランダム缶バッジ New Year Illustration ve / available=True
2026-03-05 15:50:06 [DEBUG] GET https://findmestore.thinkr.jp/products/vwp-300-0460
2026-03-05 15:50:07 [DEBUG] GET https://findmestore.thinkr.jp/products/vwp-300-0460 -> 200, 502860 bytes
2026-03-05 15:50:07 [INFO] state에 없음 -> NEW PRODUCT (available=true)
2026-03-05 15:50:07 [INFO] DISCORD EMBED SEND: 🆕 NEW (판매중) · 【V.W.P】ランダム缶バッジ New Year Illustration ver.（全5種）／4th ONE-MAN LIVE「現象Ⅳ -反転運命-」OFFICIAL GOODS 第二弾 (https://findmestore.thinkr.jp/products/vwp-300-0460)
2026-03-05 15:50:07 [INFO] DISCORD OK (204)
2026-03-05 15:50:08 [INFO] [19/50] 처리: vwp-300-0462 / 【V.W.P】ピグメントスウェット／4th ONE-MAN LIVE「現象Ⅳ - / available=True
2026-03-05 15:50:08 [DEBUG] GET https://findmestore.thinkr.jp/products/vwp-300-0462
2026-03-05 15:50:08 [DEBUG] GET https://findmestore.thinkr.jp/products/vwp-300-0462 -> 200, 515714 bytes
2026-03-05 15:50:08 [INFO] state에 없음 -> NEW PRODUCT (available=true)
2026-03-05 15:50:08 [INFO] DISCORD EMBED SEND: 🆕 NEW (판매중) · 【V.W.P】ピグメントスウェット／4th ONE-MAN LIVE「現象Ⅳ -反転運命-」OFFICIAL GOODS 第二弾 (https://findmestore.thinkr.jp/products/vwp-300-0462)
2026-03-05 15:50:08 [INFO] DISCORD OK (204)
2026-03-05 15:50:09 [INFO] [20/50] 처리: vwp-300-0465 / 【V.W.P】ランダムアクリルキーホルダー face icon side ver / available=True
2026-03-05 15:50:09 [DEBUG] GET https://findmestore.thinkr.jp/products/vwp-300-0465
2026-03-05 15:50:09 [DEBUG] GET https://findmestore.thinkr.jp/products/vwp-300-0465 -> 200, 503043 bytes
2026-03-05 15:50:09 [INFO] state에 없음 -> NEW PRODUCT (available=true)
2026-03-05 15:50:09 [INFO] DISCORD EMBED SEND: 🆕 NEW (판매중) · 【V.W.P】ランダムアクリルキーホルダー face icon side ver.（全5種）／4th ONE-MAN LIVE「現象Ⅳ -反転運命-」OFFICIAL GOODS 第二弾 (https://findmestore.thinkr.jp/products/vwp-300-0465)
2026-03-05 15:50:10 [INFO] DISCORD OK (204)
2026-03-05 15:50:10 [INFO] [21/50] 처리: vwp-300-0464 / 【V.W.P】ランダムおなまえアクリルバッジ face icon side ve / available=True
2026-03-05 15:50:10 [DEBUG] GET https://findmestore.thinkr.jp/products/vwp-300-0464
2026-03-05 15:50:10 [DEBUG] GET https://findmestore.thinkr.jp/products/vwp-300-0464 -> 200, 503432 bytes
2026-03-05 15:50:10 [INFO] state에 없음 -> NEW PRODUCT (available=true)
2026-03-05 15:50:10 [INFO] DISCORD EMBED SEND: 🆕 NEW (판매중) · 【V.W.P】ランダムおなまえアクリルバッジ face icon side ver.（全5種）／4th ONE-MAN LIVE「現象Ⅳ -反転運命-」OFFICIAL GOODS 第二弾 (https://findmestore.thinkr.jp/products/vwp-300-0464)
2026-03-05 15:50:11 [INFO] DISCORD OK (204)
2026-03-05 15:50:11 [INFO] [22/50] 처리: vwp-300-0470 / 【V.W.P】3層アクリルフレームアート（シリアルナンバー入り）／4th ONE / available=True
2026-03-05 15:50:11 [DEBUG] GET https://findmestore.thinkr.jp/products/vwp-300-0470
2026-03-05 15:50:12 [DEBUG] GET https://findmestore.thinkr.jp/products/vwp-300-0470 -> 200, 507232 bytes
2026-03-05 15:50:12 [INFO] state에 없음 -> NEW PRODUCT (available=true)
2026-03-05 15:50:12 [INFO] DISCORD EMBED SEND: 🆕 NEW (판매중) · 【V.W.P】3層アクリルフレームアート（シリアルナンバー入り）／4th ONE-MAN LIVE「現象Ⅳ -反転運命-」OFFICIAL GOODS 第二弾 (https://findmestore.thinkr.jp/products/vwp-300-0470)
2026-03-05 15:50:12 [INFO] DISCORD OK (204)
2026-03-05 15:50:12 [INFO] [23/50] 처리: vwp-300-0466 / 【V.W.P】ランダムマメ缶バッジ face icon side ver.（全5 / available=True
2026-03-05 15:50:12 [DEBUG] GET https://findmestore.thinkr.jp/products/vwp-300-0466
2026-03-05 15:50:13 [DEBUG] GET https://findmestore.thinkr.jp/products/vwp-300-0466 -> 200, 502915 bytes
2026-03-05 15:50:13 [INFO] state에 없음 -> NEW PRODUCT (available=true)
2026-03-05 15:50:13 [INFO] DISCORD EMBED SEND: 🆕 NEW (판매중) · 【V.W.P】ランダムマメ缶バッジ face icon side ver.（全5種）／4th ONE-MAN LIVE「現象Ⅳ -反転運命-」OFFICIAL GOODS 第二弾 (https://findmestore.thinkr.jp/products/vwp-300-0466)
2026-03-05 15:50:13 [INFO] DISCORD OK (204)
2026-03-05 15:50:13 [INFO] [24/50] 처리: vwp-300-0471 / 【V.W.P】おすわりぬいぐるみ 姫連雀 ver.／4th ONE-MAN LI / available=True
2026-03-05 15:50:13 [DEBUG] GET https://findmestore.thinkr.jp/products/vwp-300-0471
2026-03-05 15:50:14 [DEBUG] GET https://findmestore.thinkr.jp/products/vwp-300-0471 -> 200, 533213 bytes
2026-03-05 15:50:14 [INFO] state에 없음 -> NEW PRODUCT (available=true)
2026-03-05 15:50:14 [INFO] DISCORD EMBED SEND: 🆕 NEW (판매중) · 【V.W.P】おすわりぬいぐるみ 姫連雀 ver.／4th ONE-MAN LIVE「現象Ⅳ -反転運命-」OFFICIAL GOODS 第二弾 (https://findmestore.thinkr.jp/products/vwp-300-0471)
2026-03-05 15:50:14 [INFO] DISCORD OK (204)
2026-03-05 15:50:15 [INFO] [25/50] 처리: kaf-300-0544 / 【花譜】マフラータオル ／5th One-Man Live「宿声／深愛」OFFI / available=False
2026-03-05 15:50:15 [INFO] [26/50] 처리: kaf-300-0546 / 【花譜】らぷらすペンライト／5th One-Man Live「宿声／深愛」OFF / available=False
2026-03-05 15:50:15 [INFO] [27/50] 처리: kaf-300-0545 / 【花譜】「宿声／深愛」ライブパンフレット／5th One-Man Live「宿声 / available=True
2026-03-05 15:50:15 [DEBUG] GET https://findmestore.thinkr.jp/products/kaf-300-0545
2026-03-05 15:50:16 [DEBUG] GET https://findmestore.thinkr.jp/products/kaf-300-0545 -> 200, 517736 bytes
2026-03-05 15:50:16 [INFO] state에 없음 -> NEW PRODUCT (available=true)
2026-03-05 15:50:16 [INFO] DISCORD EMBED SEND: 🆕 NEW (판매중) · 【花譜】「宿声／深愛」ライブパンフレット／5th One-Man Live「宿声／深愛」OFFICIAL LIVE GOODS 第三弾 (https://findmestore.thinkr.jp/products/kaf-300-0545)
2026-03-05 15:50:16 [INFO] DISCORD OK (204)
2026-03-05 15:50:16 [INFO] [28/50] 처리: kaf-300-0548 / 【花譜】「梟」キャンプキャップ／5th One-Man Live「宿声／深愛」O / available=True
2026-03-05 15:50:16 [DEBUG] GET https://findmestore.thinkr.jp/products/kaf-300-0548
2026-03-05 15:50:17 [DEBUG] GET https://findmestore.thinkr.jp/products/kaf-300-0548 -> 200, 517406 bytes
2026-03-05 15:50:17 [INFO] state에 없음 -> NEW PRODUCT (available=true)
2026-03-05 15:50:17 [INFO] DISCORD EMBED SEND: 🆕 NEW (판매중) · 【花譜】「梟」キャンプキャップ／5th One-Man Live「宿声／深愛」OFFICIAL LIVE GOODS 第三弾 (https://findmestore.thinkr.jp/products/kaf-300-0548)
2026-03-05 15:50:18 [INFO] DISCORD OK (204)
2026-03-05 15:50:19 [INFO] [29/50] 처리: kaf-300-0547 / 【花譜】らぷらすファンキャップ／5th One-Man Live「宿声／深愛」O / available=False
2026-03-05 15:50:19 [INFO] [30/50] 처리: kaf-300-0550 / 【花譜】スウィングアクリルキーホルダー／5th One-Man Live「宿声／ / available=False
2026-03-05 15:50:19 [INFO] [31/50] 처리: kaf-300-0549 / 【花譜】Eternal Knot ミサンガ／5th One-Man Live「宿 / available=False
2026-03-05 15:50:20 [INFO] [32/50] 처리: kaf-300-0541 / 【花譜】キービジュアルTシャツ／5th One-Man Live「宿声／深愛」O / available=True
2026-03-05 15:50:20 [DEBUG] GET https://findmestore.thinkr.jp/products/kaf-300-0541
2026-03-05 15:50:20 [DEBUG] GET https://findmestore.thinkr.jp/products/kaf-300-0541 -> 200, 513584 bytes
2026-03-05 15:50:20 [INFO] state에 없음 -> NEW PRODUCT (available=true)
2026-03-05 15:50:20 [INFO] DISCORD EMBED SEND: 🆕 NEW (판매중) · 【花譜】キービジュアルTシャツ／5th One-Man Live「宿声／深愛」OFFICIAL LIVE GOODS 第三弾 (https://findmestore.thinkr.jp/products/kaf-300-0541)
2026-03-05 15:50:21 [INFO] DISCORD OK (204)
2026-03-05 15:50:21 [INFO] [33/50] 처리: kaf-300-0551 / 【花譜】花譜ぬいブレスレット／5th One-Man Live「宿声／深愛」OF / available=False
2026-03-05 15:50:21 [INFO] [34/50] 처리: kaf-300-0605 / 【花譜】「宿声／深愛」キービジュアルジクレーアート／5th One-Man Li / available=False
2026-03-05 15:50:22 [INFO] [35/50] 처리: kaf-300-0609 / 【花譜】魔女タイポリング／5th One-Man Live「宿声／深愛」OFFI / available=True
2026-03-05 15:50:22 [DEBUG] GET https://findmestore.thinkr.jp/products/kaf-300-0609
2026-03-05 15:50:22 [DEBUG] GET https://findmestore.thinkr.jp/products/kaf-300-0609 -> 200, 513035 bytes
2026-03-05 15:50:22 [INFO] state에 없음 -> NEW PRODUCT (available=true)
2026-03-05 15:50:22 [INFO] DISCORD EMBED SEND: 🆕 NEW (판매중) · 【花譜】魔女タイポリング／5th One-Man Live「宿声／深愛」OFFICIAL LIVE GOODS 第三弾 (https://findmestore.thinkr.jp/products/kaf-300-0609)
2026-03-05 15:50:22 [INFO] DISCORD OK (204)
2026-03-05 15:50:23 [INFO] [36/50] 처리: kaf-300-0606 / 【花譜】魔女リリックタイポTシャツ／5th One-Man Live「宿声／深愛 / available=True
2026-03-05 15:50:23 [DEBUG] GET https://findmestore.thinkr.jp/products/kaf-300-0606
2026-03-05 15:50:23 [DEBUG] GET https://findmestore.thinkr.jp/products/kaf-300-0606 -> 200, 514207 bytes
2026-03-05 15:50:23 [INFO] state에 없음 -> NEW PRODUCT (available=true)
2026-03-05 15:50:23 [INFO] DISCORD EMBED SEND: 🆕 NEW (판매중) · 【花譜】魔女リリックタイポTシャツ／5th One-Man Live「宿声／深愛」OFFICIAL LIVE GOODS 第三弾 (https://findmestore.thinkr.jp/products/kaf-300-0606)
2026-03-05 15:50:24 [INFO] DISCORD OK (204)
2026-03-05 15:50:24 [INFO] [37/50] 처리: kaf-300-0611 / 【花譜】Me&Me アクリルキーホルダー／5th One-Man Live「宿声 / available=True
2026-03-05 15:50:24 [DEBUG] GET https://findmestore.thinkr.jp/products/kaf-300-0611
2026-03-05 15:50:24 [DEBUG] GET https://findmestore.thinkr.jp/products/kaf-300-0611 -> 200, 503157 bytes
2026-03-05 15:50:24 [INFO] state에 없음 -> NEW PRODUCT (available=true)
2026-03-05 15:50:24 [INFO] DISCORD EMBED SEND: 🆕 NEW (판매중) · 【花譜】Me&Me アクリルキーホルダー／5th One-Man Live「宿声／深愛」OFFICIAL LIVE GOODS 第三弾 (https://findmestore.thinkr.jp/products/kaf-300-0611)
2026-03-05 15:50:25 [INFO] DISCORD OK (204)
2026-03-05 15:50:25 [INFO] [38/50] 처리: kaf-300-0610 / 【花譜】Me&Me 1／2スケールタペストリー／5th One-Man Live / available=True
2026-03-05 15:50:25 [DEBUG] GET https://findmestore.thinkr.jp/products/kaf-300-0610
2026-03-05 15:50:25 [DEBUG] GET https://findmestore.thinkr.jp/products/kaf-300-0610 -> 200, 507731 bytes
2026-03-05 15:50:25 [INFO] state에 없음 -> NEW PRODUCT (available=true)
2026-03-05 15:50:25 [INFO] DISCORD EMBED SEND: 🆕 NEW (판매중) · 【花譜】Me&Me 1／2スケールタペストリー／5th One-Man Live「宿声／深愛」OFFICIAL LIVE GOODS 第三弾 (https://findmestore.thinkr.jp/products/kaf-300-0610)
2026-03-05 15:50:26 [INFO] DISCORD OK (204)
2026-03-05 15:50:26 [INFO] [39/50] 처리: kaf-300-0612 / 【花譜】らぷらす蓄光トレイ／5th One-Man Live「宿声／深愛」OFF / available=True
2026-03-05 15:50:26 [DEBUG] GET https://findmestore.thinkr.jp/products/kaf-300-0612
2026-03-05 15:50:26 [DEBUG] GET https://findmestore.thinkr.jp/products/kaf-300-0612 -> 200, 501913 bytes
2026-03-05 15:50:27 [INFO] state에 없음 -> NEW PRODUCT (available=true)
2026-03-05 15:50:27 [INFO] DISCORD EMBED SEND: 🆕 NEW (판매중) · 【花譜】らぷらす蓄光トレイ／5th One-Man Live「宿声／深愛」OFFICIAL LIVE GOODS 第三弾 (https://findmestore.thinkr.jp/products/kaf-300-0612)
2026-03-05 15:50:27 [INFO] DISCORD OK (204)
2026-03-05 15:50:27 [INFO] [40/50] 처리: kaf-300-0555 / 【花譜】おすわりぬいぐるみ 梟 ver.／5th One-Man Live「宿声 / available=True
2026-03-05 15:50:27 [DEBUG] GET https://findmestore.thinkr.jp/products/kaf-300-0555
2026-03-05 15:50:27 [DEBUG] GET https://findmestore.thinkr.jp/products/kaf-300-0555 -> 200, 507079 bytes
2026-03-05 15:50:28 [INFO] state에 없음 -> NEW PRODUCT (available=true)
2026-03-05 15:50:28 [INFO] DISCORD EMBED SEND: 🆕 NEW (판매중) · 【花譜】おすわりぬいぐるみ 梟 ver.／5th One-Man Live「宿声／深愛」OFFICIAL LIVE GOODS 第三弾 (https://findmestore.thinkr.jp/products/kaf-300-0555)
2026-03-05 15:50:28 [INFO] DISCORD OK (204)
2026-03-05 15:50:28 [INFO] [41/50] 처리: kaf-300-0575 / 【花譜】KAF×vaultroom HOODIE／5th One-Man Liv / available=True
2026-03-05 15:50:28 [DEBUG] GET https://findmestore.thinkr.jp/products/kaf-300-0575
2026-03-05 15:50:29 [DEBUG] GET https://findmestore.thinkr.jp/products/kaf-300-0575 -> 200, 527834 bytes
2026-03-05 15:50:29 [INFO] state에 없음 -> NEW PRODUCT (available=true)
2026-03-05 15:50:29 [INFO] DISCORD EMBED SEND: 🆕 NEW (판매중) · 【花譜】KAF×vaultroom HOODIE／5th One-Man Live「宿声／深愛」OFFICIAL LIVE GOODS 第三弾 (https://findmestore.thinkr.jp/products/kaf-300-0575)
2026-03-05 15:50:29 [INFO] DISCORD OK (204)
2026-03-05 15:50:30 [INFO] [42/50] 처리: kaf-300-0572 / 【花譜】KAF×vaultroom TEE／5th One-Man Live「宿 / available=True
2026-03-05 15:50:30 [DEBUG] GET https://findmestore.thinkr.jp/products/kaf-300-0572
2026-03-05 15:50:30 [DEBUG] GET https://findmestore.thinkr.jp/products/kaf-300-0572 -> 200, 524520 bytes
2026-03-05 15:50:30 [INFO] state에 없음 -> NEW PRODUCT (available=true)
2026-03-05 15:50:30 [INFO] DISCORD EMBED SEND: 🆕 NEW (판매중) · 【花譜】KAF×vaultroom TEE／5th One-Man Live「宿声／深愛」OFFICIAL LIVE GOODS 第三弾 (https://findmestore.thinkr.jp/products/kaf-300-0572)
2026-03-05 15:50:30 [INFO] DISCORD OK (204)
2026-03-05 15:50:31 [INFO] [43/50] 처리: kaf-300-0578 / 【花譜】イラストステッカーセット／5th One-Man Live「宿声／深愛」 / available=False
2026-03-05 15:50:31 [INFO] [44/50] 처리: kaf-300-0580 / 【花譜】ランダムリングライト／5th One-Man Live「宿声／深愛」OF / available=False
2026-03-05 15:50:31 [INFO] [45/50] 처리: kaf-300-0579 / 【花譜】ランダムミニアクリルキーホルダー／5th One-Man Live「宿声 / available=False
2026-03-05 15:50:32 [INFO] [46/50] 처리: kaf-300-0581 / 【花譜】レンチキュラーアクリルスタンド／5th One-Man Live「宿声／ / available=True
2026-03-05 15:50:32 [DEBUG] GET https://findmestore.thinkr.jp/products/kaf-300-0581
2026-03-05 15:50:32 [DEBUG] GET https://findmestore.thinkr.jp/products/kaf-300-0581 -> 200, 507928 bytes
2026-03-05 15:50:32 [INFO] state에 없음 -> NEW PRODUCT (available=true)
2026-03-05 15:50:32 [INFO] DISCORD EMBED SEND: 🆕 NEW (판매중) · 【花譜】レンチキュラーアクリルスタンド／5th One-Man Live「宿声／深愛」OFFICIAL LIVE GOODS 第三弾 (https://findmestore.thinkr.jp/products/kaf-300-0581)
2026-03-05 15:50:32 [INFO] DISCORD OK (204)
2026-03-05 15:50:33 [INFO] [47/50] 처리: kaf-300-0582 / 【花譜】Special Goods Set for「Shukusei／Shina / available=True
2026-03-05 15:50:33 [DEBUG] GET https://findmestore.thinkr.jp/products/kaf-300-0582
2026-03-05 15:50:33 [DEBUG] GET https://findmestore.thinkr.jp/products/kaf-300-0582 -> 200, 522364 bytes
2026-03-05 15:50:33 [INFO] state에 없음 -> NEW PRODUCT (available=true)
2026-03-05 15:50:33 [INFO] DISCORD EMBED SEND: 🆕 NEW (판매중) · 【花譜】Special Goods Set for「Shukusei／Shinai」／5th One-Man Live「宿声／深愛」OFFICIAL LIVE GOODS 第三弾 (https://findmestore.thinkr.jp/products/kaf-300-0582)
2026-03-05 15:50:33 [INFO] DISCORD OK (204)
2026-03-05 15:50:34 [INFO] [48/50] 처리: kts-300-0614 / 【神椿TCG】KAMITSUBAKI WARS ’26 EXTRA PACK / available=True
2026-03-05 15:50:34 [DEBUG] GET https://findmestore.thinkr.jp/products/kts-300-0614
2026-03-05 15:50:34 [DEBUG] GET https://findmestore.thinkr.jp/products/kts-300-0614 -> 200, 502061 bytes
2026-03-05 15:50:34 [INFO] state에 없음 -> NEW PRODUCT (available=true)
2026-03-05 15:50:34 [INFO] DISCORD EMBED SEND: 🆕 NEW (판매중) · 【神椿TCG】KAMITSUBAKI WARS ’26 EXTRA PACK (https://findmestore.thinkr.jp/products/kts-300-0614)
2026-03-05 15:50:35 [INFO] DISCORD OK (204)
2026-03-05 15:50:35 [INFO] [49/50] 처리: 5sr-000-0103 / 【明透・琶舞】Acoustic Arrange live Album「Holy  / available=True
2026-03-05 15:50:35 [DEBUG] GET https://findmestore.thinkr.jp/products/5sr-000-0103
2026-03-05 15:50:35 [DEBUG] GET https://findmestore.thinkr.jp/products/5sr-000-0103 -> 200, 504461 bytes
2026-03-05 15:50:35 [INFO] state에 없음 -> NEW PRODUCT (available=true)
2026-03-05 15:50:35 [INFO] DISCORD EMBED SEND: 🆕 NEW (판매중) · 【明透・琶舞】Acoustic Arrange live Album「Holy Night LIVE」／acoustic arrange live「Holy Night LIVE」OFFICIAL GOODS (https://findmestore.thinkr.jp/products/5sr-000-0103)
2026-03-05 15:50:36 [INFO] DISCORD OK (204)
2026-03-05 15:50:36 [INFO] [50/50] 처리: ktr-000-0231 / 【CIEL】「再晴」／2nd EP「再晴」＆ OFFICIAL GOODS / available=True
2026-03-05 15:50:36 [DEBUG] GET https://findmestore.thinkr.jp/products/ktr-000-0231
2026-03-05 15:50:36 [DEBUG] GET https://findmestore.thinkr.jp/products/ktr-000-0231 -> 200, 504484 bytes
2026-03-05 15:50:36 [INFO] state에 없음 -> NEW PRODUCT (available=true)
2026-03-05 15:50:36 [INFO] DISCORD EMBED SEND: 🆕 NEW (판매중) · 【CIEL】「再晴」／2nd EP「再晴」＆ OFFICIAL GOODS (https://findmestore.thinkr.jp/products/ktr-000-0231)
2026-03-05 15:50:37 [INFO] DISCORD OK (204)
2026-03-05 15:50:37 [INFO] state 저장 완료: 27개 (파일: findme_state.json)
2026-03-05 15:50:37 [INFO] ========== FINDME JSON MONITOR END ==========
